Metrics plots saved to results/model_config_basic32_contrastive/Quick_plot_1/metrics_model_config_basic32_contrastive_run1.pkl.pdf
Metrics plots saved to results/model_config_basic32_contrastive_reconstruction_2/Quick_plot_1/metrics_model_config_basic32_contrastive_reconstruction_2_run1.pkl.pdf
Metrics plots saved to results/model_config_basic32_contrastive/Quick_plot_1/metrics_model_config_basic32_contrastive_run1.pkl.pdf
Metrics plots saved to results/model_config_32_4_64/Quick_plot_1/metrics_model_config_32_4_64_run1.pkl.pdf
Metrics plots saved to results/model_config_32_8_64/Quick_plot_1/metrics_model_config_32_8_64_run1.pkl.pdf
Metrics plots saved to results/model_config_32_8layer_16h_64/Quick_plot_1/metrics_model_config_32_8layer_16h_64_run1.pkl.pdf
Metrics plots saved to results/model_config_32_12layer_64/Quick_plot_1/metrics_model_config_32_12layer_64_run1.pkl.pdf
Metrics plots saved to results/model_config_32_8_64_modifiedcation1/Quick_plot_1/metrics_model_config_32_8_64_modifiedcation1_run1.pkl.pdf
Metrics plots saved to results/model_config_32_8layer_8h_pretrain/Quick_plot_1/metrics_model_config_32_8layer_8h_pretrain_run1.pkl.pdf
Metrics plots saved to results/model_config_32_8layer_16h_64_modification_1/Quick_plot_1/metrics_model_config_32_8layer_16h_64_modification_1_run1.pkl.pdf
Model loaded from pretrained/model_model_config_32_8layer_8h_pretrain_run1.pth to cuda
Metrics plots saved to results/model_config_32_8layer_8h_finetune1_rtransform/Quick_plot_1/metrics_model_config_32_8layer_8h_finetune1_rtransform_run1.pkl.pdf
Model loaded from pretrained/model_model_config_32_8layer_8h_pretrain_run1.pth to cuda
Metrics plots saved to results/model_config_32_8layer_8h_finetune1_rtransform2/Quick_plot_1/metrics_model_config_32_8layer_8h_finetune1_rtransform2_run1.pkl.pdf
Model loaded from pretrained/model_model_config_32_8layer_8h_pretrain_run1.pth to cuda
Metrics plots saved to results/model_config_32_8layer_8h_finetune1_rtransform3/Quick_plot_1/metrics_model_config_32_8layer_8h_finetune1_rtransform3_run1.pkl.pdf
Model loaded from pretrained/model_model_config_32_8layer_8h_pretrain_run1.pth to cuda
Metrics plots saved to results/model_config_32_8layer_8h_finetune1_rtransform4/Quick_plot_1/metrics_model_config_32_8layer_8h_finetune1_rtransform4_run1.pkl.pdf
Model loaded from pretrained/model_model_config_32_8layer_8h_pretrain_run1.pth to cuda
Metrics plots saved to results/model_config_32_8layer_8h_finetune1_rtransform5/Quick_plot_1/metrics_model_config_32_8layer_8h_finetune1_rtransform5_run1.pkl.pdf
Model loaded from pretrained/model_model_config_32_8layer_8h_pretrain_run1.pth to cuda
Metrics plots saved to results/model_classification_1_20per/Quick_plot_1/metrics_model_classification_1_20per_run1.pkl.pdf
Model loaded from pretrained/model_model_config_32_8layer_8h_pretrain_run1.pth to cuda
Metrics plots saved to results/model_classification_1_10per/Quick_plot_1/metrics_model_classification_1_10per_run1.pkl.pdf
Model loaded from pretrained/model_model_config_32_8layer_8h_pretrain_run1.pth to cuda
Metrics plots saved to results/model_all_2_15per/Quick_plot_1/metrics_model_all_2_15per_run1.pkl.pdf
Model loaded from pretrained/model_model_config_32_8layer_8h_pretrain_run1.pth to cuda
Metrics plots saved to results/model_all_1_15per/Quick_plot_1/metrics_model_all_1_15per_run1.pkl.pdf
Model loaded from pretrained/model_model_config_32_8layer_8h_pretrain_run1.pth to cuda
Metrics plots saved to results/model_class_contrast_1_15per/Quick_plot_1/metrics_model_class_contrast_1_15per_run1.pkl.pdf
Model loaded from pretrained/model_model_config_32_8layer_8h_pretrain_run1.pth to cuda
Metrics plots saved to results/model_class_rec_1_15per/Quick_plot_1/metrics_model_class_rec_1_15per_run1.pkl.pdf
1.pkl.pdf
Metrics plots saved to results/model_classification_1_15per_without_pretrain/Quick_plot_1/metrics_model_classification_1_15per_without_pretrain_run1.pkl.pdf
Metrics plots saved to results/model_classification_1_100per_without_pretrain/Quick_plot_1/metrics_model_classification_1_100per_without_pretrain_run1.pkl.pdf
Metrics plots saved to results/model_pretrain_reconstruction/Quick_plot_1/metrics_model_pretrain_reconstruction_run1.pkl.pdf
Metrics plots saved to results/model_pretrain_contrastive/Quick_plot_1/metrics_model_pretrain_contrastive_run1.pkl.pdf
Metrics plots saved to results/model_pretrain_reconstruction_2/Quick_plot_1/metrics_model_pretrain_reconstruction_2_run1.pkl.pdf
Metrics plots saved to results/model_semi_all_new/Quick_plot_1/metrics_model_semi_all_new_run1.pkl.pdf
Metrics plots saved to results/model_pretrain_all_2/Quick_plot_1/metrics_model_pretrain_all_2_run1.pkl.pdf
Model loaded from pretrained/model_model_pretrain_contrastive_run1.pth to cuda
Metrics plots saved to results/model_fine_on_contrast_15/Quick_plot_1/metrics_model_fine_on_contrast_15_run1.pkl.pdf
Model loaded from pretrained/model_model_pretrain_reconstruction_run1.pth to cuda
Metrics plots saved to results/model_fine_on_reconstruct_15/Quick_plot_1/metrics_model_fine_on_reconstruct_15_run1.pkl.pdf
Model loaded from pretrained/model_model_pretrain_reconstruction_new_config_run1.pth to cuda
Metrics plots saved to results/model_fine_on_reconstruct_15_new_config/Quick_plot_1/metrics_model_fine_on_reconstruct_15_new_config_run1.pkl.pdf
Model loaded from pretrained/model_model_pretrain_all_new_config_run1.pth to cuda
Metrics plots saved to results/model_semi_just_classification_on_new/Quick_plot_1/metrics_model_semi_just_classification_on_new_run1.pkl.pdf
Model loaded from pretrained/model_model_pretrain_all_new_config_run1.pth to cuda
Metrics plots saved to results/model_semi_all_new_config_on_new/Quick_plot_1/metrics_model_semi_all_new_config_on_new_run1.pkl.pdf
Model loaded from pretrained/model_model_pretrain_all_new_config_run1.pth to cuda
Metrics plots saved to results/model_semi_just_classification_on_new_2/Quick_plot_1/metrics_model_semi_just_classification_on_new_2_run1.pkl.pdf
Model loaded from pretrained/model_model_pretrain_reconstruction_new_config_run1.pth to cuda
Metrics plots saved to results/model_fine_on_reconstruct_15_new_config_2/Quick_plot_1/metrics_model_fine_on_reconstruct_15_new_config_2_run1.pkl.pdf
Model loaded from pretrained/model_model_pretrain_reconstruction_new_config_run1.pth to cuda
Metrics plots saved to results/model_fine_on_reconstruct_15_percent_labeled_data_class_contrast/Quick_plot_1/metrics_model_fine_on_reconstruct_15_percent_labeled_data_class_contrast_run1.pkl.pdf
Model loaded from pretrained/model_model_pretrain_reconstruction_new_config_run1.pth to cuda
Metrics plots saved to results/model_fine_on_reconstruct_10_percent_labeled_data/Quick_plot_1/metrics_model_fine_on_reconstruct_10_percent_labeled_data_run1.pkl.pdf
Model loaded from pretrained/model_model_pretrain_reconstruction_new_config_run1.pth to cuda
Metrics plots saved to results/model_fine_on_reconstruct_20_percent_labeled_data/Quick_plot_1/metrics_model_fine_on_reconstruct_20_percent_labeled_data_run1.pkl.pdf
Model loaded from pretrained/model_model_pretrain_reconstruction_new_config_run1.pth to cuda
Metrics plots saved to results/model_fine_on_reconstruct_15_percent_labeled_data/Quick_plot_1/metrics_model_fine_on_reconstruct_15_percent_labeled_data_run1.pkl.pdf
Model loaded from pretrained/model_model_pretrain_reconstruction_new_config_run1.pth to cuda
Metrics plots saved to results/model_fine_on_reconstruct_5_percent_labeled_data/Quick_plot_1/metrics_model_fine_on_reconstruct_5_percent_labeled_data_run1.pkl.pdf
Metrics plots saved to results/model_pretrain_all_2/Quick_plot_1/metrics_model_pretrain_all_2_run1.pkl.pdf
Metrics plots saved to results/model_pretrain_contrastive_2/Quick_plot_1/metrics_model_pretrain_contrastive_2_run1.pkl.pdf
Metrics plots saved to results/model_pretrain_rec_2/Quick_plot_1/metrics_model_pretrain_rec_2_run1.pkl.pdf
Model loaded from pretrained/model_model_pretrain_contrastive_run1.pth to cuda
Metrics plots saved to results/model_fine_on_contrastive_new_config_15/Quick_plot_1/metrics_model_fine_on_contrastive_new_config_15_run1.pkl.pdf
Model loaded from pretrained/model_model_pretrain_contrastive_run1.pth to cuda
Metrics plots saved to results/model_fine_on_contrastive_new_config_15/Quick_plot_2/metrics_model_fine_on_contrastive_new_config_15_run2.pkl.pdf
Model loaded from pretrained/model_model_pretrain_contrastive_run1.pth to cuda
Metrics plots saved to results/model_fine_on_contrastive_new_config_15/Quick_plot_3/metrics_model_fine_on_contrastive_new_config_15_run3.pkl.pdf
Model loaded from pretrained/model_model_pretrain_contrastive_run1.pth to cuda
Metrics plots saved to results/model_fine_on_contrastive_new_config_15/Quick_plot_4/metrics_model_fine_on_contrastive_new_config_15_run4.pkl.pdf
Model loaded from pretrained/model_model_pretrain_all_new_config_run1.pth to cuda
Metrics plots saved to results/model_fine_on_all_new_config_15/Quick_plot_1/metrics_model_fine_on_all_new_config_15_run1.pkl.pdf
Model loaded from pretrained/model_model_pretrain_all_new_config_run1.pth to cuda
Metrics plots saved to results/model_fine_on_all_new_config_15/Quick_plot_2/metrics_model_fine_on_all_new_config_15_run2.pkl.pdf
Model loaded from pretrained/model_model_pretrain_all_new_config_run1.pth to cuda
Metrics plots saved to results/model_fine_on_all_new_config_15/Quick_plot_3/metrics_model_fine_on_all_new_config_15_run3.pkl.pdf
Model loaded from pretrained/model_model_pretrain_all_new_config_run1.pth to cuda
Metrics plots saved to results/model_fine_on_all_new_config_15/Quick_plot_4/metrics_model_fine_on_all_new_config_15_run4.pkl.pdf
Model loaded from pretrained/model_model_pretrain_reconstruction_new_config_run1.pth to cuda
Metrics plots saved to results/model_fine_on_reconstruction_new_config_15_manyrun/Quick_plot_1/metrics_model_fine_on_reconstruction_new_config_15_manyrun_run1.pkl.pdf
Model loaded from pretrained/model_model_pretrain_reconstruction_new_config_run1.pth to cuda
Metrics plots saved to results/model_fine_on_reconstruction_new_config_15_manyrun/Quick_plot_2/metrics_model_fine_on_reconstruction_new_config_15_manyrun_run2.pkl.pdf
Model loaded from pretrained/model_model_pretrain_reconstruction_new_config_run1.pth to cuda
Metrics plots saved to results/model_fine_on_reconstruction_new_config_15_manyrun/Quick_plot_3/metrics_model_fine_on_reconstruction_new_config_15_manyrun_run3.pkl.pdf
Model loaded from pretrained/model_model_pretrain_reconstruction_new_config_run1.pth to cuda
Metrics plots saved to results/model_fine_on_reconstruction_new_config_15_manyrun/Quick_plot_4/metrics_model_fine_on_reconstruction_new_config_15_manyrun_run4.pkl.pdf
Model loaded from pretrained/model_model_pretrain_all_2_run1.pth to cuda
Metrics plots saved to results/model_fine_on_all_2_new_config_15/Quick_plot_1/metrics_model_fine_on_all_2_new_config_15_run1.pkl.pdf
Model loaded from pretrained/model_model_pretrain_all_2_run1.pth to cuda
Metrics plots saved to results/model_fine_on_all_2_new_config_15/Quick_plot_2/metrics_model_fine_on_all_2_new_config_15_run2.pkl.pdf
Model loaded from pretrained/model_model_pretrain_all_2_run1.pth to cuda
Metrics plots saved to results/model_fine_on_all_2_new_config_15/Quick_plot_3/metrics_model_fine_on_all_2_new_config_15_run3.pkl.pdf
Model loaded from pretrained/model_model_pretrain_all_2_run1.pth to cuda
Metrics plots saved to results/model_fine_on_all_2_new_config_15/Quick_plot_4/metrics_model_fine_on_all_2_new_config_15_run4.pkl.pdf
Model loaded from pretrained/model_model_pretrain_contrastive_2_run1.pth to cuda
Metrics plots saved to results/model_fine_on_contrastive_2_new_config_15/Quick_plot_1/metrics_model_fine_on_contrastive_2_new_config_15_run1.pkl.pdf
Model loaded from pretrained/model_model_pretrain_contrastive_2_run1.pth to cuda
Metrics plots saved to results/model_fine_on_contrastive_2_new_config_15/Quick_plot_2/metrics_model_fine_on_contrastive_2_new_config_15_run2.pkl.pdf
Model loaded from pretrained/model_model_pretrain_contrastive_2_run1.pth to cuda
Metrics plots saved to results/model_fine_on_contrastive_2_new_config_15/Quick_plot_3/metrics_model_fine_on_contrastive_2_new_config_15_run3.pkl.pdf
Model loaded from pretrained/model_model_pretrain_contrastive_2_run1.pth to cuda
Metrics plots saved to results/model_fine_on_contrastive_2_new_config_15/Quick_plot_4/metrics_model_fine_on_contrastive_2_new_config_15_run4.pkl.pdf
Model loaded from pretrained/model_model_pretrain_rec_2_run1.pth to cuda
Metrics plots saved to results/model_fine_on_reconstruction_2_new_config_15/Quick_plot_1/metrics_model_fine_on_reconstruction_2_new_config_15_run1.pkl.pdf
Model loaded from pretrained/model_model_pretrain_rec_2_run1.pth to cuda
Metrics plots saved to results/model_fine_on_reconstruction_2_new_config_15/Quick_plot_2/metrics_model_fine_on_reconstruction_2_new_config_15_run2.pkl.pdf
Model loaded from pretrained/model_model_pretrain_rec_2_run1.pth to cuda
Metrics plots saved to results/model_fine_on_reconstruction_2_new_config_15/Quick_plot_3/metrics_model_fine_on_reconstruction_2_new_config_15_run3.pkl.pdf
Model loaded from pretrained/model_model_pretrain_rec_2_run1.pth to cuda
Metrics plots saved to results/model_fine_on_reconstruction_2_new_config_15/Quick_plot_4/metrics_model_fine_on_reconstruction_2_new_config_15_run4.pkl.pdf
Metrics plots saved to results/model_fine_on_no_model_15/Quick_plot_1/metrics_model_fine_on_no_model_15_run1.pkl.pdf
Metrics plots saved to results/model_fine_on_no_model_15/Quick_plot_2/metrics_model_fine_on_no_model_15_run2.pkl.pdf
Metrics plots saved to results/model_fine_on_no_model_15/Quick_plot_3/metrics_model_fine_on_no_model_15_run3.pkl.pdf
Metrics plots saved to results/model_fine_on_no_model_15/Quick_plot_4/metrics_model_fine_on_no_model_15_run4.pkl.pdf
Model loaded from pretrained/model_model_pretrain_contrastive_2_run1.pth to cuda
Metrics plots saved to results/model_fine_on_contrastive_XXX_10/Quick_plot_1/metrics_model_fine_on_contrastive_XXX_10_run1.pkl.pdf
Model loaded from pretrained/model_model_pretrain_contrastive_2_run1.pth to cuda
Metrics plots saved to results/model_fine_on_contrastive_XXX_10/Quick_plot_2/metrics_model_fine_on_contrastive_XXX_10_run2.pkl.pdf
Model loaded from pretrained/model_model_pretrain_contrastive_2_run1.pth to cuda
Metrics plots saved to results/model_fine_on_contrastive_XXX_10/Quick_plot_3/metrics_model_fine_on_contrastive_XXX_10_run3.pkl.pdf
Model loaded from pretrained/model_model_pretrain_contrastive_2_run1.pth to cuda
Metrics plots saved to results/model_fine_on_contrastive_XXX_10/Quick_plot_4/metrics_model_fine_on_contrastive_XXX_10_run4.pkl.pdf
Model loaded from pretrained/model_model_pretrain_contrastive_2_run1.pth to cuda
Metrics plots saved to results/model_fine_on_contrastive_XXX_10/Quick_plot_5/metrics_model_fine_on_contrastive_XXX_10_run5.pkl.pdf
Model loaded from pretrained/model_model_pretrain_rec_2_run1.pth to cuda
Metrics plots saved to results/model_fine_on_reconstruction_XXX_15/Quick_plot_1/metrics_model_fine_on_reconstruction_XXX_15_run1.pkl.pdf
Model loaded from pretrained/model_model_pretrain_rec_2_run1.pth to cuda
Metrics plots saved to results/model_fine_on_reconstruction_XXX_15/Quick_plot_2/metrics_model_fine_on_reconstruction_XXX_15_run2.pkl.pdf
Model loaded from pretrained/model_model_pretrain_rec_2_run1.pth to cuda
Metrics plots saved to results/model_fine_on_reconstruction_XXX_15/Quick_plot_3/metrics_model_fine_on_reconstruction_XXX_15_run3.pkl.pdf
Model loaded from pretrained/model_model_pretrain_rec_2_run1.pth to cuda
Metrics plots saved to results/model_fine_on_reconstruction_XXX_15/Quick_plot_4/metrics_model_fine_on_reconstruction_XXX_15_run4.pkl.pdf
Model loaded from pretrained/model_model_pretrain_rec_2_run1.pth to cuda
Metrics plots saved to results/model_fine_on_reconstruction_XXX_15/Quick_plot_5/metrics_model_fine_on_reconstruction_XXX_15_run5.pkl.pdf
Model loaded from pretrained/model_model_pretrain_rec_2_run1.pth to cuda
Metrics plots saved to results/model_fine_on_reconstruction_XXX_10/Quick_plot_1/metrics_model_fine_on_reconstruction_XXX_10_run1.pkl.pdf
Model loaded from pretrained/model_model_pretrain_rec_2_run1.pth to cuda
Metrics plots saved to results/model_fine_on_reconstruction_XXX_10/Quick_plot_2/metrics_model_fine_on_reconstruction_XXX_10_run2.pkl.pdf
Model loaded from pretrained/model_model_pretrain_rec_2_run1.pth to cuda
Metrics plots saved to results/model_fine_on_reconstruction_XXX_10/Quick_plot_3/metrics_model_fine_on_reconstruction_XXX_10_run3.pkl.pdf
Model loaded from pretrained/model_model_pretrain_rec_2_run1.pth to cuda
Metrics plots saved to results/model_fine_on_reconstruction_XXX_10/Quick_plot_4/metrics_model_fine_on_reconstruction_XXX_10_run4.pkl.pdf
Model loaded from pretrained/model_model_pretrain_rec_2_run1.pth to cuda
Metrics plots saved to results/model_fine_on_reconstruction_XXX_10/Quick_plot_5/metrics_model_fine_on_reconstruction_XXX_10_run5.pkl.pdf
Model loaded from pretrained/model_model_pretrain_rec_2_run1.pth to cuda
Metrics plots saved to results/model_fine_on_reconstruction_XXX_20/Quick_plot_1/metrics_model_fine_on_reconstruction_XXX_20_run1.pkl.pdf
Model loaded from pretrained/model_model_pretrain_rec_2_run1.pth to cuda
Metrics plots saved to results/model_fine_on_reconstruction_XXX_20/Quick_plot_2/metrics_model_fine_on_reconstruction_XXX_20_run2.pkl.pdf
Model loaded from pretrained/model_model_pretrain_rec_2_run1.pth to cuda
Metrics plots saved to results/model_fine_on_reconstruction_XXX_20/Quick_plot_3/metrics_model_fine_on_reconstruction_XXX_20_run3.pkl.pdf
Model loaded from pretrained/model_model_pretrain_rec_2_run1.pth to cuda
Metrics plots saved to results/model_fine_on_reconstruction_XXX_20/Quick_plot_4/metrics_model_fine_on_reconstruction_XXX_20_run4.pkl.pdf
Model loaded from pretrained/model_model_pretrain_rec_2_run1.pth to cuda
Metrics plots saved to results/model_fine_on_reconstruction_XXX_20/Quick_plot_5/metrics_model_fine_on_reconstruction_XXX_20_run5.pkl.pdf
Model loaded from pretrained/model_model_pretrain_all_new_config_run1.pth to cuda
Metrics plots saved to results/model_fine_on_reconstruction_contrastive_XXX_15/Quick_plot_1/metrics_model_fine_on_reconstruction_contrastive_XXX_15_run1.pkl.pdf
Model loaded from pretrained/model_model_pretrain_all_new_config_run1.pth to cuda
Metrics plots saved to results/model_fine_on_reconstruction_contrastive_XXX_15/Quick_plot_2/metrics_model_fine_on_reconstruction_contrastive_XXX_15_run2.pkl.pdf
Model loaded from pretrained/model_model_pretrain_all_new_config_run1.pth to cuda
Metrics plots saved to results/model_fine_on_reconstruction_contrastive_XXX_15/Quick_plot_3/metrics_model_fine_on_reconstruction_contrastive_XXX_15_run3.pkl.pdf
Model loaded from pretrained/model_model_pretrain_all_new_config_run1.pth to cuda
Metrics plots saved to results/model_fine_on_reconstruction_contrastive_XXX_15/Quick_plot_4/metrics_model_fine_on_reconstruction_contrastive_XXX_15_run4.pkl.pdf
Model loaded from pretrained/model_model_pretrain_all_new_config_run1.pth to cuda
Metrics plots saved to results/model_fine_on_reconstruction_contrastive_XXX_15/Quick_plot_5/metrics_model_fine_on_reconstruction_contrastive_XXX_15_run5.pkl.pdf
Model loaded from pretrained/model_model_pretrain_contrastive_2_run1.pth to cuda
Metrics plots saved to results/model_fine_on_contrastive_XXX_20/Quick_plot_1/metrics_model_fine_on_contrastive_XXX_20_run1.pkl.pdf
Model loaded from pretrained/model_model_pretrain_contrastive_2_run1.pth to cuda
Metrics plots saved to results/model_fine_on_contrastive_XXX_20/Quick_plot_2/metrics_model_fine_on_contrastive_XXX_20_run2.pkl.pdf
Model loaded from pretrained/model_model_pretrain_contrastive_2_run1.pth to cuda
Metrics plots saved to results/model_fine_on_contrastive_XXX_20/Quick_plot_3/metrics_model_fine_on_contrastive_XXX_20_run3.pkl.pdf
Model loaded from pretrained/model_model_pretrain_contrastive_2_run1.pth to cuda
Metrics plots saved to results/model_fine_on_contrastive_XXX_20/Quick_plot_4/metrics_model_fine_on_contrastive_XXX_20_run4.pkl.pdf
Model loaded from pretrained/model_model_pretrain_contrastive_2_run1.pth to cuda
Metrics plots saved to results/model_fine_on_contrastive_XXX_20/Quick_plot_5/metrics_model_fine_on_contrastive_XXX_20_run5.pkl.pdf
Model loaded from pretrained/model_model_pretrain_contrastive_2_run1.pth to cuda
Metrics plots saved to results/model_fine_on_contrastive_XXX_15/Quick_plot_1/metrics_model_fine_on_contrastive_XXX_15_run1.pkl.pdf
Model loaded from pretrained/model_model_pretrain_contrastive_2_run1.pth to cuda
Metrics plots saved to results/model_fine_on_contrastive_XXX_15/Quick_plot_2/metrics_model_fine_on_contrastive_XXX_15_run2.pkl.pdf
Model loaded from pretrained/model_model_pretrain_contrastive_2_run1.pth to cuda
Metrics plots saved to results/model_fine_on_contrastive_XXX_15/Quick_plot_3/metrics_model_fine_on_contrastive_XXX_15_run3.pkl.pdf
Model loaded from pretrained/model_model_pretrain_contrastive_2_run1.pth to cuda
Metrics plots saved to results/model_fine_on_contrastive_XXX_15/Quick_plot_4/metrics_model_fine_on_contrastive_XXX_15_run4.pkl.pdf
Model loaded from pretrained/model_model_pretrain_contrastive_2_run1.pth to cuda
Metrics plots saved to results/model_fine_on_contrastive_XXX_15/Quick_plot_5/metrics_model_fine_on_contrastive_XXX_15_run5.pkl.pdf
Model loaded from pretrained/model_model_pretrain_all_new_config_run1.pth to cuda
Metrics plots saved to results/model_fine_on_reconstruction_contrastive_XXX_10/Quick_plot_1/metrics_model_fine_on_reconstruction_contrastive_XXX_10_run1.pkl.pdf
Model loaded from pretrained/model_model_pretrain_all_new_config_run1.pth to cuda
Metrics plots saved to results/model_fine_on_reconstruction_contrastive_XXX_10/Quick_plot_2/metrics_model_fine_on_reconstruction_contrastive_XXX_10_run2.pkl.pdf
Model loaded from pretrained/model_model_pretrain_all_new_config_run1.pth to cuda
Metrics plots saved to results/model_fine_on_reconstruction_contrastive_XXX_10/Quick_plot_3/metrics_model_fine_on_reconstruction_contrastive_XXX_10_run3.pkl.pdf
Model loaded from pretrained/model_model_pretrain_all_new_config_run1.pth to cuda
Metrics plots saved to results/model_fine_on_reconstruction_contrastive_XXX_10/Quick_plot_4/metrics_model_fine_on_reconstruction_contrastive_XXX_10_run4.pkl.pdf
Model loaded from pretrained/model_model_pretrain_all_new_config_run1.pth to cuda
Metrics plots saved to results/model_fine_on_reconstruction_contrastive_XXX_10/Quick_plot_5/metrics_model_fine_on_reconstruction_contrastive_XXX_10_run5.pkl.pdf
Model loaded from pretrained/model_model_pretrain_all_new_config_run1.pth to cuda
Metrics plots saved to results/model_fine_on_reconstruction_contrastive_XXX_20/Quick_plot_1/metrics_model_fine_on_reconstruction_contrastive_XXX_20_run1.pkl.pdf
Model loaded from pretrained/model_model_pretrain_all_new_config_run1.pth to cuda
Metrics plots saved to results/model_fine_on_reconstruction_contrastive_XXX_20/Quick_plot_2/metrics_model_fine_on_reconstruction_contrastive_XXX_20_run2.pkl.pdf
Model loaded from pretrained/model_model_pretrain_all_new_config_run1.pth to cuda
Metrics plots saved to results/model_fine_on_reconstruction_contrastive_XXX_20/Quick_plot_3/metrics_model_fine_on_reconstruction_contrastive_XXX_20_run3.pkl.pdf
Model loaded from pretrained/model_model_pretrain_all_new_config_run1.pth to cuda
Metrics plots saved to results/model_fine_on_reconstruction_contrastive_XXX_20/Quick_plot_4/metrics_model_fine_on_reconstruction_contrastive_XXX_20_run4.pkl.pdf
Model loaded from pretrained/model_model_pretrain_all_new_config_run1.pth to cuda
Metrics plots saved to results/model_fine_on_reconstruction_contrastive_XXX_20/Quick_plot_5/metrics_model_fine_on_reconstruction_contrastive_XXX_20_run5.pkl.pdf
